<?xml version="1.0" encoding="UTF-8"?>
<!-- Generated by org.testng.reporters.JUnitXMLReporter -->
<testsuite hostname="ICare-Asif-1.local" ignored="3" name="Test" tests="6" failures="0" timestamp="13 Mar 2019 20:56:19 GMT" time="25.373" errors="0">
  <testcase name="testloginGreetingsVanity" time="3.21" classname="seleframework.TestsPt_BR"/>
  <testcase name="testloginGreetingsVanity" time="3.78" classname="seleframework.TestsEs_MX"/>
  <testcase name="testloginGreetingsVanity" time="4.139" classname="seleframework.TestsEn_US"/>
  <testcase name="testYourAccountEN_US" time="1.953" classname="seleframework.TestsEs_MX"/>
  <testcase name="testYourAccountPt_BR" time="2.054" classname="seleframework.TestsPt_BR"/>
  <testcase name="testYourAccountEN_US" time="2.257" classname="seleframework.TestsEn_US"/>
  <testcase name="testYourAccountPageTitle" time="0.0" classname="seleframework.TestsEn_US">
    <ignored/>
  </testcase> <!-- testYourAccountPageTitle -->
  <testcase name="testYourAccountPageTitle" time="0.0" classname="seleframework.TestsPt_BR">
    <ignored/>
  </testcase> <!-- testYourAccountPageTitle -->
  <testcase name="testYourAccountPageTitleES_US" time="0.0" classname="seleframework.TestsEs_MX">
    <ignored/>
  </testcase> <!-- testYourAccountPageTitleES_US -->
</testsuite> <!-- Test -->
