<?xml version="1.0" encoding="UTF-8"?>
<testng-results skipped="0" failed="0" ignored="0" total="1" passed="1">
  <reporter-output>
  </reporter-output>
  <suite name="Default suite" duration-ms="3003" started-at="2019-03-07T19:18:32Z" finished-at="2019-03-07T19:18:35Z">
    <groups>
    </groups>
    <test name="Default test" duration-ms="3003" started-at="2019-03-07T19:18:32Z" finished-at="2019-03-07T19:18:35Z">
      <class name="seleframework.Tests">
        <test-method status="PASS" signature="navigateToHomePage()[pri:0, instance:seleframework.Tests@643b1d11]" name="navigateToHomePage" duration-ms="2982" started-at="2019-03-07T19:18:32Z" finished-at="2019-03-07T19:18:35Z">
          <reporter-output>
          </reporter-output>
        </test-method> <!-- navigateToHomePage -->
      </class> <!-- seleframework.Tests -->
    </test> <!-- Default test -->
  </suite> <!-- Default suite -->
</testng-results>
